<?xml version="1.0" encoding="UTF-8"?>
<!-- Generated by org.testng.reporters.JUnitXMLReporter -->
<testsuite ignored="0" hostname="PF4A59NC" failures="0" tests="6" name="Test" time="12.633" errors="0" timestamp="2025-03-29T08:27:03 IST">
  <testcase classname="TestNg.TC_1_LoginToOrangeHRM_Chrome" name="enterUsername" time="0.097"/>
  <testcase classname="TestNg.TC_1_LoginToOrangeHRM_Edge" name="enterUsername" time="1.177"/>
  <testcase classname="TestNg.TC_1_LoginToOrangeHRM_Chrome" name="enterPassword" time="0.1"/>
  <testcase classname="TestNg.TC_1_LoginToOrangeHRM_Edge" name="enterPassword" time="0.072"/>
  <testcase classname="TestNg.TC_1_LoginToOrangeHRM_Chrome" name="clickLogin" time="1.162"/>
  <testcase classname="TestNg.TC_1_LoginToOrangeHRM_Edge" name="clickLogin" time="0.072"/>
</testsuite> <!-- Test -->
