<?xml version="1.0" encoding="UTF-8"?>
<testng-results ignored="0" total="2" passed="2" failed="0" skipped="0">
  <reporter-output>
  </reporter-output>
  <suite started-at="2025-04-09T08:25:47 IST" name="Default suite" finished-at="2025-04-09T08:25:52 IST" duration-ms="5614">
    <groups>
    </groups>
    <test started-at="2025-04-09T08:25:47 IST" name="Default test" finished-at="2025-04-09T08:25:52 IST" duration-ms="5614">
      <class name="ExtentReports.ExtentReportExample2">
        <test-method is-config="true" signature="startTest()[pri:0, instance:ExtentReports.ExtentReportExample2@279fedbd]" started-at="2025-04-09T08:25:46 IST" name="startTest" finished-at="2025-04-09T08:25:47 IST" duration-ms="155" status="PASS">
          <reporter-output>
          </reporter-output>
        </test-method> <!-- startTest -->
        <test-method is-config="true" signature="launchBrowser()[pri:0, instance:ExtentReports.ExtentReportExample2@279fedbd]" started-at="2025-04-09T08:25:47 IST" name="launchBrowser" finished-at="2025-04-09T08:25:48 IST" duration-ms="1411" status="PASS">
          <reporter-output>
          </reporter-output>
        </test-method> <!-- launchBrowser -->
        <test-method is-config="true" signature="launchURL()[pri:0, instance:ExtentReports.ExtentReportExample2@279fedbd]" started-at="2025-04-09T08:25:48 IST" name="launchURL" finished-at="2025-04-09T08:25:50 IST" duration-ms="2275" status="PASS">
          <reporter-output>
          </reporter-output>
        </test-method> <!-- launchURL -->
        <test-method signature="loginToOrangeHRM()[pri:1, instance:ExtentReports.ExtentReportExample2@279fedbd]" started-at="2025-04-09T08:25:50 IST" name="loginToOrangeHRM" finished-at="2025-04-09T08:25:52 IST" duration-ms="1699" status="PASS">
          <reporter-output>
          </reporter-output>
        </test-method> <!-- loginToOrangeHRM -->
        <test-method signature="clickLogout()[pri:2, instance:ExtentReports.ExtentReportExample2@279fedbd]" started-at="2025-04-09T08:25:52 IST" name="clickLogout" finished-at="2025-04-09T08:25:52 IST" duration-ms="17" status="PASS">
          <reporter-output>
          </reporter-output>
        </test-method> <!-- clickLogout -->
        <test-method is-config="true" signature="endTest()[pri:0, instance:ExtentReports.ExtentReportExample2@279fedbd]" started-at="2025-04-09T08:25:52 IST" name="endTest" finished-at="2025-04-09T08:25:52 IST" duration-ms="165" status="PASS">
          <reporter-output>
          </reporter-output>
        </test-method> <!-- endTest -->
        <test-method is-config="true" signature="closeBrowser()[pri:0, instance:ExtentReports.ExtentReportExample2@279fedbd]" started-at="2025-04-09T08:25:52 IST" name="closeBrowser" finished-at="2025-04-09T08:25:53 IST" duration-ms="289" status="PASS">
          <reporter-output>
          </reporter-output>
        </test-method> <!-- closeBrowser -->
      </class> <!-- ExtentReports.ExtentReportExample2 -->
    </test> <!-- Default test -->
  </suite> <!-- Default suite -->
</testng-results>
